Configuration file: /Users/aurelianedor/SITES/digitable/_config.yml
            Source: /Users/aurelianedor/SITES/digitable
       Destination: /Users/aurelianedor/SITES/digitable/_site
 Incremental build: disabled. Enable with --incremental
      Generating... 
                    done in 0.106 seconds.
 Auto-regeneration: enabled for '/Users/aurelianedor/SITES/digitable'
    Server address: http://127.0.0.1:4000/
  Server running... press ctrl-c to stop.
[2022-05-23 12:54:47] ERROR `/assets/css/variables.scss' not found.
[2022-05-23 12:54:48] ERROR `/favicon.ico' not found.
[2022-05-23 12:54:51] ERROR `/assets/css/variables.scss' not found.
[2022-05-23 12:54:59] ERROR `/2022/assets/imgs/peyo.png' not found.
[2022-05-23 12:54:59] ERROR `/assets/css/variables.scss' not found.
[2022-05-23 12:55:13] ERROR `/assets/css/variables.scss' not found.
      Regenerating: 1 file(s) changed at 2022-05-23 12:56:15
                    _includes/components/table.html
                    ...done in 0.124208 seconds.
                    
      Regenerating: 1 file(s) changed at 2022-05-23 12:56:16
                    .idea/workspace.xml
                    ...done in 0.117174 seconds.
                    
[2022-05-23 12:56:16] ERROR `/2022/assets/imgs/peyo.png' not found.
[2022-05-23 12:56:16] ERROR `/assets/css/variables.scss' not found.
[2022-05-23 12:56:16] ERROR `/favicon.ico' not found.
      Regenerating: 3 file(s) changed at 2022-05-23 12:57:03
                    _years/2022/donnees.html
                    _includes/components/table.html
                    .idea/workspace.xml
                    ...done in 0.291997 seconds.
                    
[2022-05-23 12:57:04] ERROR `/assets/css/variables.scss' not found.
[2022-05-23 12:57:05] ERROR `/favicon.ico' not found.
      Regenerating: 1 file(s) changed at 2022-05-23 12:57:29
                    _years/2022/innovation.html
                    ...done in 0.098995 seconds.
                    
[2022-05-23 12:57:36] ERROR `/assets/css/variables.scss' not found.
      Regenerating: 1 file(s) changed at 2022-05-23 13:00:27
                    _includes/components/table.html
                    ...done in 0.08884 seconds.
                    
      Regenerating: 2 file(s) changed at 2022-05-23 13:01:05
                    _includes/components/table.html
                    .idea/workspace.xml
                    ...done in 0.110699 seconds.
                    
      Regenerating: 1 file(s) changed at 2022-05-23 14:08:29
                    .idea/workspace.xml
                    ...done in 0.288099 seconds.
                    
      Regenerating: 1 file(s) changed at 2022-05-23 14:14:28
                    _includes/components/table.html
                    ...done in 0.290678 seconds.
                    
      Regenerating: 1 file(s) changed at 2022-05-23 14:14:28
                    .idea/workspace.xml
                    ...done in 0.093181 seconds.
                    
      Regenerating: 1 file(s) changed at 2022-05-23 14:26:03
                    _includes/components/table.html
                    ...done in 0.282279 seconds.
                    
      Regenerating: 1 file(s) changed at 2022-05-23 14:26:03
                    .idea/workspace.xml
                    ...done in 0.073102 seconds.
                    
      Regenerating: 1 file(s) changed at 2022-05-23 14:33:37
                    _includes/components/table.html
                    ...done in 0.163837 seconds.
                    
      Regenerating: 1 file(s) changed at 2022-05-23 14:33:37
                    .idea/workspace.xml
                    ...done in 0.070712 seconds.
                    
      Regenerating: 1 file(s) changed at 2022-05-23 14:33:47
                    .idea/workspace.xml
                    ...done in 0.088143 seconds.
                    
[2022-05-23 14:33:48] ERROR `/assets/css/variables.scss' not found.
[2022-05-23 14:33:48] ERROR `/favicon.ico' not found.
      Regenerating: 1 file(s) changed at 2022-05-23 14:36:30
                    assets/imgs/nehemia.jpeg
                    ...done in 0.109237 seconds.
                    
      Regenerating: 2 file(s) changed at 2022-05-23 14:37:11
                    _years/2022/publics.html
                    .idea/workspace.xml
                    ...done in 0.206827 seconds.
                    
[2022-05-23 14:37:24] ERROR `/assets/css/variables.scss' not found.
      Regenerating: 4 file(s) changed at 2022-05-23 14:38:35
                    _includes/components/editions/right.html
                    _years/2022/index.html
                    jekyll.log
                    .github/workflows/jekyll.yml
                    ...done in 0.122551 seconds.
                    
[2022-05-23 14:39:45] ERROR `/assets/css/variables.scss' not found.
      Regenerating: 1 file(s) changed at 2022-05-23 14:41:19
                    assets/imgs/thomas.jpeg
                    ...done in 0.098092 seconds.
                    
      Regenerating: 1 file(s) changed at 2022-05-23 14:41:39
                    assets/imgs/oscar.jpeg
                    ...done in 0.103273 seconds.
                    
      Regenerating: 1 file(s) changed at 2022-05-23 14:42:13
                    assets/imgs/raphael.jpeg
                    ...done in 0.097187 seconds.
                    
      Regenerating: 2 file(s) changed at 2022-05-23 14:43:45
                    _years/2022/innovation.html
                    .idea/workspace.xml
                    ...done in 0.130641 seconds.
                    
      Regenerating: 3 file(s) changed at 2022-05-23 14:44:45
                    _years/2022/publics.html
                    _years/2022/espaces.html
                    .idea/workspace.xml
                    ...done in 0.075376 seconds.
                    
[2022-05-23 14:44:49] ERROR `/assets/css/variables.scss' not found.
[2022-05-23 14:44:49] ERROR `/favicon.ico' not found.
[2022-05-23 14:45:07] ERROR `/2022.html' not found.
[2022-05-23 14:45:11] ERROR `/2022/2022.html' not found.
[2022-05-23 14:45:16] ERROR `/assets/css/variables.scss' not found.
[2022-05-23 14:45:19] ERROR `/assets/css/variables.scss' not found.
[2022-05-23 14:45:29] ERROR `/assets/css/variables.scss' not found.
      Regenerating: 2 file(s) changed at 2022-05-23 14:46:40
                    _includes/components/table.html
                    .idea/workspace.xml
                    ...done in 0.08092 seconds.
                    
[2022-05-23 14:48:49] ERROR `/assets/css/variables.scss' not found.
[2022-05-23 14:48:49] ERROR `/favicon.ico' not found.
      Regenerating: 1 file(s) changed at 2022-05-23 14:49:05
                    _includes/components/table.html
                    ...done in 0.129912 seconds.
                    
[2022-05-23 14:49:05] ERROR `/assets/css/variables.scss' not found.
[2022-05-23 14:49:06] ERROR `/favicon.ico' not found.
      Regenerating: 1 file(s) changed at 2022-05-23 14:50:10
                    .github/workflows/jekyll.yml
                    ...done in 0.077737 seconds.
                    
